# JRE version: OpenJDK Runtime Environment (17.0.2+8) (build 17.0.2+8-86)
# Java VM: OpenJDK 64-Bit Server VM (17.0.2+8-86, mixed mode, sharing, tiered, compressed oops, compressed class ptrs, g1 gc, windows-amd64)
GC Precious Log:
 CPUs: 4 total, 4 available
 Memory: 8096M
 Large Page Support: Disabled
 NUMA Support: Disabled
 Compressed Oops: Enabled (32-bit)
 Heap Region Size: 1M
 Heap Min Capacity: 8M
 Heap Initial Capacity: 128M
 Heap Max Capacity: 2026M
 Pre-touch: Disabled
 Parallel Workers: 4
 Concurrent Workers: 1
 Concurrent Refinement Workers: 4
 Periodic GC: Disabled
Heap:
 garbage-first heap   total 110592K, used 79717K [0x0000000081600000, 0x0000000100000000)
  region size 1024K, 48 young (49152K), 1 survivors (1024K)
 Metaspace       used 69793K, committed 70336K, reserved 1114112K
  class space    used 8833K, committed 9088K, reserved 1048576K
GC Heap History (20 events):
Event: 41859.466 GC heap before
{Heap before GC invocations=105 (full 0):
 garbage-first heap   total 110592K, used 96653K [0x0000000081600000, 0x0000000100000000)
  region size 1024K, 64 young (65536K), 1 survivors (1024K)
 Metaspace       used 69772K, committed 70272K, reserved 1114112K
  class space    used 8833K, committed 9088K, reserved 1048576K
}
Event: 41859.468 GC heap after
{Heap after GC invocations=106 (full 0):
 garbage-first heap   total 110592K, used 32143K [0x0000000081600000, 0x0000000100000000)
  region size 1024K, 1 young (1024K), 1 survivors (1024K)
 Metaspace       used 69772K, committed 70272K, reserved 1114112K
  class space    used 8833K, committed 9088K, reserved 1048576K
}
Event: 41878.881 GC heap before
{Heap before GC invocations=106 (full 0):
 garbage-first heap   total 110592K, used 96655K [0x0000000081600000, 0x0000000100000000)
  region size 1024K, 64 young (65536K), 1 survivors (1024K)
 Metaspace       used 69772K, committed 70272K, reserved 1114112K
  class space    used 8833K, committed 9088K, reserved 1048576K
}
Event: 41878.883 GC heap after
{Heap after GC invocations=107 (full 0):
 garbage-first heap   total 110592K, used 32165K [0x0000000081600000, 0x0000000100000000)
  region size 1024K, 1 young (1024K), 1 survivors (1024K)
 Metaspace       used 69772K, committed 70272K, reserved 1114112K
  class space    used 8833K, committed 9088K, reserved 1048576K
}
Event: 41897.886 GC heap before
{Heap before GC invocations=107 (full 0):
 garbage-first heap   total 110592K, used 96677K [0x0000000081600000, 0x0000000100000000)
  region size 1024K, 64 young (65536K), 1 survivors (1024K)
 Metaspace       used 69772K, committed 70272K, reserved 1114112K
  class space    used 8833K, committed 9088K, reserved 1048576K
}
Event: 41898.085 GC heap after
{Heap after GC invocations=108 (full 0):
 garbage-first heap   total 110592K, used 32153K [0x0000000081600000, 0x0000000100000000)
  region size 1024K, 1 young (1024K), 1 survivors (1024K)
 Metaspace       used 69772K, committed 70272K, reserved 1114112K
  class space    used 8833K, committed 9088K, reserved 1048576K
}
Event: 41916.035 GC heap before
{Heap before GC invocations=108 (full 0):
 garbage-first heap   total 110592K, used 96665K [0x0000000081600000, 0x0000000100000000)
  region size 1024K, 64 young (65536K), 1 survivors (1024K)
 Metaspace       used 69772K, committed 70272K, reserved 1114112K
  class space    used 8833K, committed 9088K, reserved 1048576K
}
Event: 41916.038 GC heap after
{Heap after GC invocations=109 (full 0):
 garbage-first heap   total 110592K, used 32142K [0x0000000081600000, 0x0000000100000000)
  region size 1024K, 1 young (1024K), 1 survivors (1024K)
 Metaspace       used 69772K, committed 70272K, reserved 1114112K
  class space    used 8833K, committed 9088K, reserved 1048576K
}
Event: 41939.550 GC heap before
{Heap before GC invocations=109 (full 0):
 garbage-first heap   total 110592K, used 96654K [0x0000000081600000, 0x0000000100000000)
  region size 1024K, 64 young (65536K), 1 survivors (1024K)
 Metaspace       used 69772K, committed 70272K, reserved 1114112K
  class space    used 8833K, committed 9088K, reserved 1048576K
}
Event: 41939.552 GC heap after
{Heap after GC invocations=110 (full 0):
 garbage-first heap   total 110592K, used 32135K [0x0000000081600000, 0x0000000100000000)
  region size 1024K, 1 young (1024K), 1 survivors (1024K)
 Metaspace       used 69772K, committed 70272K, reserved 1114112K
  class space    used 8833K, committed 9088K, reserved 1048576K
}
Event: 41958.502 GC heap before
{Heap before GC invocations=110 (full 0):
 garbage-first heap   total 110592K, used 96647K [0x0000000081600000, 0x0000000100000000)
  region size 1024K, 64 young (65536K), 1 survivors (1024K)
 Metaspace       used 69772K, committed 70272K, reserved 1114112K
  class space    used 8833K, committed 9088K, reserved 1048576K
}
Event: 41958.505 GC heap after
{Heap after GC invocations=111 (full 0):
 garbage-first heap   total 110592K, used 32145K [0x0000000081600000, 0x0000000100000000)
  region size 1024K, 1 young (1024K), 1 survivors (1024K)
 Metaspace       used 69772K, committed 70272K, reserved 1114112K
  class space    used 8833K, committed 9088K, reserved 1048576K
}
Event: 41977.651 GC heap before
{Heap before GC invocations=111 (full 0):
 garbage-first heap   total 110592K, used 96657K [0x0000000081600000, 0x0000000100000000)
  region size 1024K, 64 young (65536K), 1 survivors (1024K)
 Metaspace       used 69772K, committed 70272K, reserved 1114112K
  class space    used 8833K, committed 9088K, reserved 1048576K
}
Event: 41977.654 GC heap after
{Heap after GC invocations=112 (full 0):
 garbage-first heap   total 110592K, used 32165K [0x0000000081600000, 0x0000000100000000)
  region size 1024K, 1 young (1024K), 1 survivors (1024K)
 Metaspace       used 69772K, committed 70272K, reserved 1114112K
  class space    used 8833K, committed 9088K, reserved 1048576K
}
Event: 42023.664 GC heap before
{Heap before GC invocations=112 (full 0):
 garbage-first heap   total 110592K, used 96677K [0x0000000081600000, 0x0000000100000000)
  region size 1024K, 64 young (65536K), 1 survivors (1024K)
 Metaspace       used 69772K, committed 70272K, reserved 1114112K
  class space    used 8833K, committed 9088K, reserved 1048576K
}
Event: 42023.813 GC heap after
{Heap after GC invocations=113 (full 0):
 garbage-first heap   total 110592K, used 32600K [0x0000000081600000, 0x0000000100000000)
  region size 1024K, 1 young (1024K), 1 survivors (1024K)
 Metaspace       used 69772K, committed 70272K, reserved 1114112K
  class space    used 8833K, committed 9088K, reserved 1048576K
}
Event: 42033.697 GC heap before
{Heap before GC invocations=113 (full 0):
 garbage-first heap   total 110592K, used 97112K [0x0000000081600000, 0x0000000100000000)
  region size 1024K, 64 young (65536K), 1 survivors (1024K)
 Metaspace       used 69772K, committed 70272K, reserved 1114112K
  class space    used 8833K, committed 9088K, reserved 1048576K
}
Event: 42033.698 GC heap after
{Heap after GC invocations=114 (full 0):
 garbage-first heap   total 110592K, used 32590K [0x0000000081600000, 0x0000000100000000)
  region size 1024K, 1 young (1024K), 1 survivors (1024K)
 Metaspace       used 69772K, committed 70272K, reserved 1114112K
  class space    used 8833K, committed 9088K, reserved 1048576K
}
Event: 42046.165 GC heap before
{Heap before GC invocations=114 (full 0):
 garbage-first heap   total 110592K, used 97102K [0x0000000081600000, 0x0000000100000000)
  region size 1024K, 64 young (65536K), 1 survivors (1024K)
 Metaspace       used 69787K, committed 70272K, reserved 1114112K
  class space    used 8833K, committed 9088K, reserved 1048576K
}
Event: 42046.167 GC heap after
{Heap after GC invocations=115 (full 0):
 garbage-first heap   total 110592K, used 32613K [0x0000000081600000, 0x0000000100000000)
  region size 1024K, 1 young (1024K), 1 survivors (1024K)
 Metaspace       used 69787K, committed 70272K, reserved 1114112K
  class space    used 8833K, committed 9088K, reserved 1048576K
}

